0 info it worked if it ends with ok
1 verbose cli [ '/usr/bin/node', '/usr/bin/npm', 'run', 'dev' ]
2 info using npm@6.14.10
3 info using node@v14.15.4
4 verbose run-script [ 'predev', 'dev', 'postdev' ]
5 info lifecycle @~predev: @
6 info lifecycle @~dev: @
7 verbose lifecycle @~dev: unsafe-perm in lifecycle true
8 verbose lifecycle @~dev: PATH: /usr/lib/node_modules/npm/node_modules/npm-lifecycle/node-gyp-bin:/var/www/node_modules/.bin:/usr/local/sbin:/usr/local/bin:/usr/sbin:/usr/bin:/sbin:/bin
9 verbose lifecycle @~dev: CWD: /var/www
10 silly lifecycle @~dev: Args: [ '-c', 'npm run development' ]
11 silly lifecycle @~dev: Returned: code: 1  signal: null
12 info lifecycle @~dev: Failed to exec dev script
13 verbose stack Error: @ dev: `npm run development`
13 verbose stack Exit status 1
13 verbose stack     at EventEmitter.<anonymous> (/usr/lib/node_modules/npm/node_modules/npm-lifecycle/index.js:332:16)
13 verbose stack     at EventEmitter.emit (events.js:315:20)
13 verbose stack     at ChildProcess.<anonymous> (/usr/lib/node_modules/npm/node_modules/npm-lifecycle/lib/spawn.js:55:14)
13 verbose stack     at ChildProcess.emit (events.js:315:20)
13 verbose stack     at maybeClose (internal/child_process.js:1048:16)
13 verbose stack     at Process.ChildProcess._handle.onexit (internal/child_process.js:288:5)
14 verbose pkgid @
15 verbose cwd /var/www
16 verbose Linux 5.8.0-7630-generic
17 verbose argv "/usr/bin/node" "/usr/bin/npm" "run" "dev"
18 verbose node v14.15.4
19 verbose npm  v6.14.10
20 error code ELIFECYCLE
21 error errno 1
22 error @ dev: `npm run development`
22 error Exit status 1
23 error Failed at the @ dev script.
23 error This is probably not a problem with npm. There is likely additional logging output above.
24 verbose exit [ 1, true ]
